find_header: checking for sqlite3.h... -------------------- yes

"gcc -o conftest -I/Users/kaneki/.rvm/rubies/ruby-2.2.1/include/ruby-2.2.0/x86_64-darwin14 -I/Users/kaneki/.rvm/rubies/ruby-2.2.1/include/ruby-2.2.0/ruby/backward -I/Users/kaneki/.rvm/rubies/ruby-2.2.1/include/ruby-2.2.0 -I. -D_XOPEN_SOURCE -D_DARWIN_C_SOURCE -D_DARWIN_UNLIMITED_SELECT -D_REENTRANT   -O3 -I/Users/haven/.sm/pkg/active/include -fPIC -mmacosx-version-min=10.7 -pipe conftest.c  -L. -L/Users/kaneki/.rvm/rubies/ruby-2.2.1/lib -L. -L/Users/haven/.sm/pkg/active/lib -fPIC -Bstatic -lz -fstack-protector   -arch x86_64   -lruby-static -framework CoreFoundation  -lpthread -ldl -lobjc "
ld: warning: directory not found for option '-L/Users/haven/.sm/pkg/active/lib'
checked program was:
/* begin */
1: #include "ruby.h"
2: 
3: int main(int argc, char **argv)
4: {
5:   return 0;
6: }
/* end */

"gcc -E -I/Users/kaneki/.rvm/rubies/ruby-2.2.1/include/ruby-2.2.0/x86_64-darwin14 -I/Users/kaneki/.rvm/rubies/ruby-2.2.1/include/ruby-2.2.0/ruby/backward -I/Users/kaneki/.rvm/rubies/ruby-2.2.1/include/ruby-2.2.0 -I. -D_XOPEN_SOURCE -D_DARWIN_C_SOURCE -D_DARWIN_UNLIMITED_SELECT -D_REENTRANT   -O3 -I/Users/haven/.sm/pkg/active/include -fPIC -mmacosx-version-min=10.7 -pipe  conftest.c -o conftest.i"
checked program was:
/* begin */
1: #include "ruby.h"
2: 
3: #include <sqlite3.h>
/* end */

--------------------

find_library: checking for sqlite3_libversion_number() in -lsqlite3... -------------------- yes

"gcc -o conftest -I/Users/kaneki/.rvm/rubies/ruby-2.2.1/include/ruby-2.2.0/x86_64-darwin14 -I/Users/kaneki/.rvm/rubies/ruby-2.2.1/include/ruby-2.2.0/ruby/backward -I/Users/kaneki/.rvm/rubies/ruby-2.2.1/include/ruby-2.2.0 -I. -D_XOPEN_SOURCE -D_DARWIN_C_SOURCE -D_DARWIN_UNLIMITED_SELECT -D_REENTRANT   -O3 -I/Users/haven/.sm/pkg/active/include -fPIC -mmacosx-version-min=10.7 -pipe conftest.c  -L. -L/Users/kaneki/.rvm/rubies/ruby-2.2.1/lib -L. -L/Users/haven/.sm/pkg/active/lib -fPIC -Bstatic -lz -fstack-protector   -arch x86_64   -lruby-static -framework CoreFoundation -lsqlite3  -lpthread -ldl -lobjc "
conftest.c: In function ‘t’:
conftest.c:13: error: ‘sqlite3_libversion_number’ undeclared (first use in this function)
conftest.c:13: error: (Each undeclared identifier is reported only once
conftest.c:13: error: for each function it appears in.)
checked program was:
/* begin */
 1: #include "ruby.h"
 2: 
 3: /*top*/
 4: extern int t(void);
 5: int main(int argc, char **argv)
 6: {
 7:   if (argc > 1000000) {
 8:     printf("%p", &t);
 9:   }
10: 
11:   return 0;
12: }
13: int t(void) { void ((*volatile p)()); p = (void ((*)()))sqlite3_libversion_number; return 0; }
/* end */

"gcc -o conftest -I/Users/kaneki/.rvm/rubies/ruby-2.2.1/include/ruby-2.2.0/x86_64-darwin14 -I/Users/kaneki/.rvm/rubies/ruby-2.2.1/include/ruby-2.2.0/ruby/backward -I/Users/kaneki/.rvm/rubies/ruby-2.2.1/include/ruby-2.2.0 -I. -D_XOPEN_SOURCE -D_DARWIN_C_SOURCE -D_DARWIN_UNLIMITED_SELECT -D_REENTRANT   -O3 -I/Users/haven/.sm/pkg/active/include -fPIC -mmacosx-version-min=10.7 -pipe conftest.c  -L. -L/Users/kaneki/.rvm/rubies/ruby-2.2.1/lib -L. -L/Users/haven/.sm/pkg/active/lib -fPIC -Bstatic -lz -fstack-protector   -arch x86_64   -lruby-static -framework CoreFoundation -lsqlite3  -lpthread -ldl -lobjc "
ld: warning: directory not found for option '-L/Users/haven/.sm/pkg/active/lib'
checked program was:
/* begin */
 1: #include "ruby.h"
 2: 
 3: /*top*/
 4: extern int t(void);
 5: int main(int argc, char **argv)
 6: {
 7:   if (argc > 1000000) {
 8:     printf("%p", &t);
 9:   }
10: 
11:   return 0;
12: }
13: int t(void) { sqlite3_libversion_number(); return 0; }
/* end */

--------------------

have_func: checking for rb_proc_arity()... -------------------- yes

"gcc -o conftest -I/Users/kaneki/.rvm/rubies/ruby-2.2.1/include/ruby-2.2.0/x86_64-darwin14 -I/Users/kaneki/.rvm/rubies/ruby-2.2.1/include/ruby-2.2.0/ruby/backward -I/Users/kaneki/.rvm/rubies/ruby-2.2.1/include/ruby-2.2.0 -I. -D_XOPEN_SOURCE -D_DARWIN_C_SOURCE -D_DARWIN_UNLIMITED_SELECT -D_REENTRANT   -O3 -I/Users/haven/.sm/pkg/active/include -fPIC -mmacosx-version-min=10.7 -pipe conftest.c  -L. -L/Users/kaneki/.rvm/rubies/ruby-2.2.1/lib -L. -L/Users/haven/.sm/pkg/active/lib -fPIC -Bstatic -lz -fstack-protector   -arch x86_64  -lsqlite3  -lruby-static -framework CoreFoundation -lsqlite3  -lpthread -ldl -lobjc "
ld: warning: directory not found for option '-L/Users/haven/.sm/pkg/active/lib'
checked program was:
/* begin */
 1: #include "ruby.h"
 2: 
 3: /*top*/
 4: extern int t(void);
 5: int main(int argc, char **argv)
 6: {
 7:   if (argc > 1000000) {
 8:     printf("%p", &t);
 9:   }
10: 
11:   return 0;
12: }
13: int t(void) { void ((*volatile p)()); p = (void ((*)()))rb_proc_arity; return 0; }
/* end */

--------------------

have_func: checking for rb_integer_pack()... -------------------- yes

"gcc -o conftest -I/Users/kaneki/.rvm/rubies/ruby-2.2.1/include/ruby-2.2.0/x86_64-darwin14 -I/Users/kaneki/.rvm/rubies/ruby-2.2.1/include/ruby-2.2.0/ruby/backward -I/Users/kaneki/.rvm/rubies/ruby-2.2.1/include/ruby-2.2.0 -I. -D_XOPEN_SOURCE -D_DARWIN_C_SOURCE -D_DARWIN_UNLIMITED_SELECT -D_REENTRANT   -O3 -I/Users/haven/.sm/pkg/active/include -fPIC -mmacosx-version-min=10.7 -pipe conftest.c  -L. -L/Users/kaneki/.rvm/rubies/ruby-2.2.1/lib -L. -L/Users/haven/.sm/pkg/active/lib -fPIC -Bstatic -lz -fstack-protector   -arch x86_64  -lsqlite3  -lruby-static -framework CoreFoundation -lsqlite3  -lpthread -ldl -lobjc "
ld: warning: directory not found for option '-L/Users/haven/.sm/pkg/active/lib'
checked program was:
/* begin */
 1: #include "ruby.h"
 2: 
 3: /*top*/
 4: extern int t(void);
 5: int main(int argc, char **argv)
 6: {
 7:   if (argc > 1000000) {
 8:     printf("%p", &t);
 9:   }
10: 
11:   return 0;
12: }
13: int t(void) { void ((*volatile p)()); p = (void ((*)()))rb_integer_pack; return 0; }
/* end */

--------------------

have_func: checking for sqlite3_initialize()... -------------------- yes

"gcc -o conftest -I/Users/kaneki/.rvm/rubies/ruby-2.2.1/include/ruby-2.2.0/x86_64-darwin14 -I/Users/kaneki/.rvm/rubies/ruby-2.2.1/include/ruby-2.2.0/ruby/backward -I/Users/kaneki/.rvm/rubies/ruby-2.2.1/include/ruby-2.2.0 -I. -D_XOPEN_SOURCE -D_DARWIN_C_SOURCE -D_DARWIN_UNLIMITED_SELECT -D_REENTRANT   -O3 -I/Users/haven/.sm/pkg/active/include -fPIC -mmacosx-version-min=10.7 -pipe conftest.c  -L. -L/Users/kaneki/.rvm/rubies/ruby-2.2.1/lib -L. -L/Users/haven/.sm/pkg/active/lib -fPIC -Bstatic -lz -fstack-protector   -arch x86_64  -lsqlite3  -lruby-static -framework CoreFoundation -lsqlite3  -lpthread -ldl -lobjc "
conftest.c: In function ‘t’:
conftest.c:13: error: ‘sqlite3_initialize’ undeclared (first use in this function)
conftest.c:13: error: (Each undeclared identifier is reported only once
conftest.c:13: error: for each function it appears in.)
checked program was:
/* begin */
 1: #include "ruby.h"
 2: 
 3: /*top*/
 4: extern int t(void);
 5: int main(int argc, char **argv)
 6: {
 7:   if (argc > 1000000) {
 8:     printf("%p", &t);
 9:   }
10: 
11:   return 0;
12: }
13: int t(void) { void ((*volatile p)()); p = (void ((*)()))sqlite3_initialize; return 0; }
/* end */

"gcc -o conftest -I/Users/kaneki/.rvm/rubies/ruby-2.2.1/include/ruby-2.2.0/x86_64-darwin14 -I/Users/kaneki/.rvm/rubies/ruby-2.2.1/include/ruby-2.2.0/ruby/backward -I/Users/kaneki/.rvm/rubies/ruby-2.2.1/include/ruby-2.2.0 -I. -D_XOPEN_SOURCE -D_DARWIN_C_SOURCE -D_DARWIN_UNLIMITED_SELECT -D_REENTRANT   -O3 -I/Users/haven/.sm/pkg/active/include -fPIC -mmacosx-version-min=10.7 -pipe conftest.c  -L. -L/Users/kaneki/.rvm/rubies/ruby-2.2.1/lib -L. -L/Users/haven/.sm/pkg/active/lib -fPIC -Bstatic -lz -fstack-protector   -arch x86_64  -lsqlite3  -lruby-static -framework CoreFoundation -lsqlite3  -lpthread -ldl -lobjc "
ld: warning: directory not found for option '-L/Users/haven/.sm/pkg/active/lib'
checked program was:
/* begin */
 1: #include "ruby.h"
 2: 
 3: /*top*/
 4: extern int t(void);
 5: int main(int argc, char **argv)
 6: {
 7:   if (argc > 1000000) {
 8:     printf("%p", &t);
 9:   }
10: 
11:   return 0;
12: }
13: int t(void) { sqlite3_initialize(); return 0; }
/* end */

--------------------

have_func: checking for sqlite3_backup_init()... -------------------- yes

"gcc -o conftest -I/Users/kaneki/.rvm/rubies/ruby-2.2.1/include/ruby-2.2.0/x86_64-darwin14 -I/Users/kaneki/.rvm/rubies/ruby-2.2.1/include/ruby-2.2.0/ruby/backward -I/Users/kaneki/.rvm/rubies/ruby-2.2.1/include/ruby-2.2.0 -I. -D_XOPEN_SOURCE -D_DARWIN_C_SOURCE -D_DARWIN_UNLIMITED_SELECT -D_REENTRANT   -O3 -I/Users/haven/.sm/pkg/active/include -fPIC -mmacosx-version-min=10.7 -pipe conftest.c  -L. -L/Users/kaneki/.rvm/rubies/ruby-2.2.1/lib -L. -L/Users/haven/.sm/pkg/active/lib -fPIC -Bstatic -lz -fstack-protector   -arch x86_64  -lsqlite3  -lruby-static -framework CoreFoundation -lsqlite3  -lpthread -ldl -lobjc "
conftest.c: In function ‘t’:
conftest.c:13: error: ‘sqlite3_backup_init’ undeclared (first use in this function)
conftest.c:13: error: (Each undeclared identifier is reported only once
conftest.c:13: error: for each function it appears in.)
checked program was:
/* begin */
 1: #include "ruby.h"
 2: 
 3: /*top*/
 4: extern int t(void);
 5: int main(int argc, char **argv)
 6: {
 7:   if (argc > 1000000) {
 8:     printf("%p", &t);
 9:   }
10: 
11:   return 0;
12: }
13: int t(void) { void ((*volatile p)()); p = (void ((*)()))sqlite3_backup_init; return 0; }
/* end */

"gcc -o conftest -I/Users/kaneki/.rvm/rubies/ruby-2.2.1/include/ruby-2.2.0/x86_64-darwin14 -I/Users/kaneki/.rvm/rubies/ruby-2.2.1/include/ruby-2.2.0/ruby/backward -I/Users/kaneki/.rvm/rubies/ruby-2.2.1/include/ruby-2.2.0 -I. -D_XOPEN_SOURCE -D_DARWIN_C_SOURCE -D_DARWIN_UNLIMITED_SELECT -D_REENTRANT   -O3 -I/Users/haven/.sm/pkg/active/include -fPIC -mmacosx-version-min=10.7 -pipe conftest.c  -L. -L/Users/kaneki/.rvm/rubies/ruby-2.2.1/lib -L. -L/Users/haven/.sm/pkg/active/lib -fPIC -Bstatic -lz -fstack-protector   -arch x86_64  -lsqlite3  -lruby-static -framework CoreFoundation -lsqlite3  -lpthread -ldl -lobjc "
ld: warning: directory not found for option '-L/Users/haven/.sm/pkg/active/lib'
checked program was:
/* begin */
 1: #include "ruby.h"
 2: 
 3: /*top*/
 4: extern int t(void);
 5: int main(int argc, char **argv)
 6: {
 7:   if (argc > 1000000) {
 8:     printf("%p", &t);
 9:   }
10: 
11:   return 0;
12: }
13: int t(void) { sqlite3_backup_init(); return 0; }
/* end */

--------------------

have_func: checking for sqlite3_column_database_name()... -------------------- no

"gcc -o conftest -I/Users/kaneki/.rvm/rubies/ruby-2.2.1/include/ruby-2.2.0/x86_64-darwin14 -I/Users/kaneki/.rvm/rubies/ruby-2.2.1/include/ruby-2.2.0/ruby/backward -I/Users/kaneki/.rvm/rubies/ruby-2.2.1/include/ruby-2.2.0 -I. -D_XOPEN_SOURCE -D_DARWIN_C_SOURCE -D_DARWIN_UNLIMITED_SELECT -D_REENTRANT   -O3 -I/Users/haven/.sm/pkg/active/include -fPIC -mmacosx-version-min=10.7 -pipe conftest.c  -L. -L/Users/kaneki/.rvm/rubies/ruby-2.2.1/lib -L. -L/Users/haven/.sm/pkg/active/lib -fPIC -Bstatic -lz -fstack-protector   -arch x86_64  -lsqlite3  -lruby-static -framework CoreFoundation -lsqlite3  -lpthread -ldl -lobjc "
conftest.c: In function ‘t’:
conftest.c:13: error: ‘sqlite3_column_database_name’ undeclared (first use in this function)
conftest.c:13: error: (Each undeclared identifier is reported only once
conftest.c:13: error: for each function it appears in.)
checked program was:
/* begin */
 1: #include "ruby.h"
 2: 
 3: /*top*/
 4: extern int t(void);
 5: int main(int argc, char **argv)
 6: {
 7:   if (argc > 1000000) {
 8:     printf("%p", &t);
 9:   }
10: 
11:   return 0;
12: }
13: int t(void) { void ((*volatile p)()); p = (void ((*)()))sqlite3_column_database_name; return 0; }
/* end */

"gcc -o conftest -I/Users/kaneki/.rvm/rubies/ruby-2.2.1/include/ruby-2.2.0/x86_64-darwin14 -I/Users/kaneki/.rvm/rubies/ruby-2.2.1/include/ruby-2.2.0/ruby/backward -I/Users/kaneki/.rvm/rubies/ruby-2.2.1/include/ruby-2.2.0 -I. -D_XOPEN_SOURCE -D_DARWIN_C_SOURCE -D_DARWIN_UNLIMITED_SELECT -D_REENTRANT   -O3 -I/Users/haven/.sm/pkg/active/include -fPIC -mmacosx-version-min=10.7 -pipe conftest.c  -L. -L/Users/kaneki/.rvm/rubies/ruby-2.2.1/lib -L. -L/Users/haven/.sm/pkg/active/lib -fPIC -Bstatic -lz -fstack-protector   -arch x86_64  -lsqlite3  -lruby-static -framework CoreFoundation -lsqlite3  -lpthread -ldl -lobjc "
ld: warning: directory not found for option '-L/Users/haven/.sm/pkg/active/lib'
Undefined symbols for architecture x86_64:
  "_sqlite3_column_database_name", referenced from:
      _t in ccpexB9w.o
ld: symbol(s) not found for architecture x86_64
collect2: ld returned 1 exit status
checked program was:
/* begin */
 1: #include "ruby.h"
 2: 
 3: /*top*/
 4: extern int t(void);
 5: int main(int argc, char **argv)
 6: {
 7:   if (argc > 1000000) {
 8:     printf("%p", &t);
 9:   }
10: 
11:   return 0;
12: }
13: int t(void) { sqlite3_column_database_name(); return 0; }
/* end */

--------------------

have_func: checking for sqlite3_enable_load_extension()... -------------------- no

"gcc -o conftest -I/Users/kaneki/.rvm/rubies/ruby-2.2.1/include/ruby-2.2.0/x86_64-darwin14 -I/Users/kaneki/.rvm/rubies/ruby-2.2.1/include/ruby-2.2.0/ruby/backward -I/Users/kaneki/.rvm/rubies/ruby-2.2.1/include/ruby-2.2.0 -I. -D_XOPEN_SOURCE -D_DARWIN_C_SOURCE -D_DARWIN_UNLIMITED_SELECT -D_REENTRANT   -O3 -I/Users/haven/.sm/pkg/active/include -fPIC -mmacosx-version-min=10.7 -pipe conftest.c  -L. -L/Users/kaneki/.rvm/rubies/ruby-2.2.1/lib -L. -L/Users/haven/.sm/pkg/active/lib -fPIC -Bstatic -lz -fstack-protector   -arch x86_64  -lsqlite3  -lruby-static -framework CoreFoundation -lsqlite3  -lpthread -ldl -lobjc "
conftest.c: In function ‘t’:
conftest.c:13: error: ‘sqlite3_enable_load_extension’ undeclared (first use in this function)
conftest.c:13: error: (Each undeclared identifier is reported only once
conftest.c:13: error: for each function it appears in.)
checked program was:
/* begin */
 1: #include "ruby.h"
 2: 
 3: /*top*/
 4: extern int t(void);
 5: int main(int argc, char **argv)
 6: {
 7:   if (argc > 1000000) {
 8:     printf("%p", &t);
 9:   }
10: 
11:   return 0;
12: }
13: int t(void) { void ((*volatile p)()); p = (void ((*)()))sqlite3_enable_load_extension; return 0; }
/* end */

"gcc -o conftest -I/Users/kaneki/.rvm/rubies/ruby-2.2.1/include/ruby-2.2.0/x86_64-darwin14 -I/Users/kaneki/.rvm/rubies/ruby-2.2.1/include/ruby-2.2.0/ruby/backward -I/Users/kaneki/.rvm/rubies/ruby-2.2.1/include/ruby-2.2.0 -I. -D_XOPEN_SOURCE -D_DARWIN_C_SOURCE -D_DARWIN_UNLIMITED_SELECT -D_REENTRANT   -O3 -I/Users/haven/.sm/pkg/active/include -fPIC -mmacosx-version-min=10.7 -pipe conftest.c  -L. -L/Users/kaneki/.rvm/rubies/ruby-2.2.1/lib -L. -L/Users/haven/.sm/pkg/active/lib -fPIC -Bstatic -lz -fstack-protector   -arch x86_64  -lsqlite3  -lruby-static -framework CoreFoundation -lsqlite3  -lpthread -ldl -lobjc "
ld: warning: directory not found for option '-L/Users/haven/.sm/pkg/active/lib'
Undefined symbols for architecture x86_64:
  "_sqlite3_enable_load_extension", referenced from:
      _t in ccMueFh9.o
ld: symbol(s) not found for architecture x86_64
collect2: ld returned 1 exit status
checked program was:
/* begin */
 1: #include "ruby.h"
 2: 
 3: /*top*/
 4: extern int t(void);
 5: int main(int argc, char **argv)
 6: {
 7:   if (argc > 1000000) {
 8:     printf("%p", &t);
 9:   }
10: 
11:   return 0;
12: }
13: int t(void) { sqlite3_enable_load_extension(); return 0; }
/* end */

--------------------

have_func: checking for sqlite3_load_extension()... -------------------- no

"gcc -o conftest -I/Users/kaneki/.rvm/rubies/ruby-2.2.1/include/ruby-2.2.0/x86_64-darwin14 -I/Users/kaneki/.rvm/rubies/ruby-2.2.1/include/ruby-2.2.0/ruby/backward -I/Users/kaneki/.rvm/rubies/ruby-2.2.1/include/ruby-2.2.0 -I. -D_XOPEN_SOURCE -D_DARWIN_C_SOURCE -D_DARWIN_UNLIMITED_SELECT -D_REENTRANT   -O3 -I/Users/haven/.sm/pkg/active/include -fPIC -mmacosx-version-min=10.7 -pipe conftest.c  -L. -L/Users/kaneki/.rvm/rubies/ruby-2.2.1/lib -L. -L/Users/haven/.sm/pkg/active/lib -fPIC -Bstatic -lz -fstack-protector   -arch x86_64  -lsqlite3  -lruby-static -framework CoreFoundation -lsqlite3  -lpthread -ldl -lobjc "
conftest.c: In function ‘t’:
conftest.c:13: error: ‘sqlite3_load_extension’ undeclared (first use in this function)
conftest.c:13: error: (Each undeclared identifier is reported only once
conftest.c:13: error: for each function it appears in.)
checked program was:
/* begin */
 1: #include "ruby.h"
 2: 
 3: /*top*/
 4: extern int t(void);
 5: int main(int argc, char **argv)
 6: {
 7:   if (argc > 1000000) {
 8:     printf("%p", &t);
 9:   }
10: 
11:   return 0;
12: }
13: int t(void) { void ((*volatile p)()); p = (void ((*)()))sqlite3_load_extension; return 0; }
/* end */

"gcc -o conftest -I/Users/kaneki/.rvm/rubies/ruby-2.2.1/include/ruby-2.2.0/x86_64-darwin14 -I/Users/kaneki/.rvm/rubies/ruby-2.2.1/include/ruby-2.2.0/ruby/backward -I/Users/kaneki/.rvm/rubies/ruby-2.2.1/include/ruby-2.2.0 -I. -D_XOPEN_SOURCE -D_DARWIN_C_SOURCE -D_DARWIN_UNLIMITED_SELECT -D_REENTRANT   -O3 -I/Users/haven/.sm/pkg/active/include -fPIC -mmacosx-version-min=10.7 -pipe conftest.c  -L. -L/Users/kaneki/.rvm/rubies/ruby-2.2.1/lib -L. -L/Users/haven/.sm/pkg/active/lib -fPIC -Bstatic -lz -fstack-protector   -arch x86_64  -lsqlite3  -lruby-static -framework CoreFoundation -lsqlite3  -lpthread -ldl -lobjc "
ld: warning: directory not found for option '-L/Users/haven/.sm/pkg/active/lib'
Undefined symbols for architecture x86_64:
  "_sqlite3_load_extension", referenced from:
      _t in ccRHcv9V.o
ld: symbol(s) not found for architecture x86_64
collect2: ld returned 1 exit status
checked program was:
/* begin */
 1: #include "ruby.h"
 2: 
 3: /*top*/
 4: extern int t(void);
 5: int main(int argc, char **argv)
 6: {
 7:   if (argc > 1000000) {
 8:     printf("%p", &t);
 9:   }
10: 
11:   return 0;
12: }
13: int t(void) { sqlite3_load_extension(); return 0; }
/* end */

--------------------

have_func: checking for sqlite3_open_v2()... -------------------- yes

"gcc -o conftest -I/Users/kaneki/.rvm/rubies/ruby-2.2.1/include/ruby-2.2.0/x86_64-darwin14 -I/Users/kaneki/.rvm/rubies/ruby-2.2.1/include/ruby-2.2.0/ruby/backward -I/Users/kaneki/.rvm/rubies/ruby-2.2.1/include/ruby-2.2.0 -I. -D_XOPEN_SOURCE -D_DARWIN_C_SOURCE -D_DARWIN_UNLIMITED_SELECT -D_REENTRANT   -O3 -I/Users/haven/.sm/pkg/active/include -fPIC -mmacosx-version-min=10.7 -pipe conftest.c  -L. -L/Users/kaneki/.rvm/rubies/ruby-2.2.1/lib -L. -L/Users/haven/.sm/pkg/active/lib -fPIC -Bstatic -lz -fstack-protector   -arch x86_64  -lsqlite3  -lruby-static -framework CoreFoundation -lsqlite3  -lpthread -ldl -lobjc "
conftest.c: In function ‘t’:
conftest.c:13: error: ‘sqlite3_open_v2’ undeclared (first use in this function)
conftest.c:13: error: (Each undeclared identifier is reported only once
conftest.c:13: error: for each function it appears in.)
checked program was:
/* begin */
 1: #include "ruby.h"
 2: 
 3: /*top*/
 4: extern int t(void);
 5: int main(int argc, char **argv)
 6: {
 7:   if (argc > 1000000) {
 8:     printf("%p", &t);
 9:   }
10: 
11:   return 0;
12: }
13: int t(void) { void ((*volatile p)()); p = (void ((*)()))sqlite3_open_v2; return 0; }
/* end */

"gcc -o conftest -I/Users/kaneki/.rvm/rubies/ruby-2.2.1/include/ruby-2.2.0/x86_64-darwin14 -I/Users/kaneki/.rvm/rubies/ruby-2.2.1/include/ruby-2.2.0/ruby/backward -I/Users/kaneki/.rvm/rubies/ruby-2.2.1/include/ruby-2.2.0 -I. -D_XOPEN_SOURCE -D_DARWIN_C_SOURCE -D_DARWIN_UNLIMITED_SELECT -D_REENTRANT   -O3 -I/Users/haven/.sm/pkg/active/include -fPIC -mmacosx-version-min=10.7 -pipe conftest.c  -L. -L/Users/kaneki/.rvm/rubies/ruby-2.2.1/lib -L. -L/Users/haven/.sm/pkg/active/lib -fPIC -Bstatic -lz -fstack-protector   -arch x86_64  -lsqlite3  -lruby-static -framework CoreFoundation -lsqlite3  -lpthread -ldl -lobjc "
ld: warning: directory not found for option '-L/Users/haven/.sm/pkg/active/lib'
checked program was:
/* begin */
 1: #include "ruby.h"
 2: 
 3: /*top*/
 4: extern int t(void);
 5: int main(int argc, char **argv)
 6: {
 7:   if (argc > 1000000) {
 8:     printf("%p", &t);
 9:   }
10: 
11:   return 0;
12: }
13: int t(void) { sqlite3_open_v2(); return 0; }
/* end */

--------------------

have_func: checking for sqlite3_prepare_v2()... -------------------- yes

"gcc -o conftest -I/Users/kaneki/.rvm/rubies/ruby-2.2.1/include/ruby-2.2.0/x86_64-darwin14 -I/Users/kaneki/.rvm/rubies/ruby-2.2.1/include/ruby-2.2.0/ruby/backward -I/Users/kaneki/.rvm/rubies/ruby-2.2.1/include/ruby-2.2.0 -I. -D_XOPEN_SOURCE -D_DARWIN_C_SOURCE -D_DARWIN_UNLIMITED_SELECT -D_REENTRANT   -O3 -I/Users/haven/.sm/pkg/active/include -fPIC -mmacosx-version-min=10.7 -pipe conftest.c  -L. -L/Users/kaneki/.rvm/rubies/ruby-2.2.1/lib -L. -L/Users/haven/.sm/pkg/active/lib -fPIC -Bstatic -lz -fstack-protector   -arch x86_64  -lsqlite3  -lruby-static -framework CoreFoundation -lsqlite3  -lpthread -ldl -lobjc "
conftest.c: In function ‘t’:
conftest.c:13: error: ‘sqlite3_prepare_v2’ undeclared (first use in this function)
conftest.c:13: error: (Each undeclared identifier is reported only once
conftest.c:13: error: for each function it appears in.)
checked program was:
/* begin */
 1: #include "ruby.h"
 2: 
 3: /*top*/
 4: extern int t(void);
 5: int main(int argc, char **argv)
 6: {
 7:   if (argc > 1000000) {
 8:     printf("%p", &t);
 9:   }
10: 
11:   return 0;
12: }
13: int t(void) { void ((*volatile p)()); p = (void ((*)()))sqlite3_prepare_v2; return 0; }
/* end */

"gcc -o conftest -I/Users/kaneki/.rvm/rubies/ruby-2.2.1/include/ruby-2.2.0/x86_64-darwin14 -I/Users/kaneki/.rvm/rubies/ruby-2.2.1/include/ruby-2.2.0/ruby/backward -I/Users/kaneki/.rvm/rubies/ruby-2.2.1/include/ruby-2.2.0 -I. -D_XOPEN_SOURCE -D_DARWIN_C_SOURCE -D_DARWIN_UNLIMITED_SELECT -D_REENTRANT   -O3 -I/Users/haven/.sm/pkg/active/include -fPIC -mmacosx-version-min=10.7 -pipe conftest.c  -L. -L/Users/kaneki/.rvm/rubies/ruby-2.2.1/lib -L. -L/Users/haven/.sm/pkg/active/lib -fPIC -Bstatic -lz -fstack-protector   -arch x86_64  -lsqlite3  -lruby-static -framework CoreFoundation -lsqlite3  -lpthread -ldl -lobjc "
ld: warning: directory not found for option '-L/Users/haven/.sm/pkg/active/lib'
checked program was:
/* begin */
 1: #include "ruby.h"
 2: 
 3: /*top*/
 4: extern int t(void);
 5: int main(int argc, char **argv)
 6: {
 7:   if (argc > 1000000) {
 8:     printf("%p", &t);
 9:   }
10: 
11:   return 0;
12: }
13: int t(void) { sqlite3_prepare_v2(); return 0; }
/* end */

--------------------

have_type: checking for sqlite3_int64 in sqlite3.h... -------------------- yes

"gcc -I/Users/kaneki/.rvm/rubies/ruby-2.2.1/include/ruby-2.2.0/x86_64-darwin14 -I/Users/kaneki/.rvm/rubies/ruby-2.2.1/include/ruby-2.2.0/ruby/backward -I/Users/kaneki/.rvm/rubies/ruby-2.2.1/include/ruby-2.2.0 -I. -D_XOPEN_SOURCE -D_DARWIN_C_SOURCE -D_DARWIN_UNLIMITED_SELECT -D_REENTRANT   -O3 -I/Users/haven/.sm/pkg/active/include -fPIC -mmacosx-version-min=10.7 -pipe  -arch x86_64  -c conftest.c"
checked program was:
/* begin */
1: #include "ruby.h"
2: 
3: #include <sqlite3.h>
4: 
5: /*top*/
6: typedef sqlite3_int64 conftest_type;
7: int conftestval[sizeof(conftest_type)?1:-1];
/* end */

--------------------

have_type: checking for sqlite3_uint64 in sqlite3.h... -------------------- yes

"gcc -I/Users/kaneki/.rvm/rubies/ruby-2.2.1/include/ruby-2.2.0/x86_64-darwin14 -I/Users/kaneki/.rvm/rubies/ruby-2.2.1/include/ruby-2.2.0/ruby/backward -I/Users/kaneki/.rvm/rubies/ruby-2.2.1/include/ruby-2.2.0 -I. -D_XOPEN_SOURCE -D_DARWIN_C_SOURCE -D_DARWIN_UNLIMITED_SELECT -D_REENTRANT   -O3 -I/Users/haven/.sm/pkg/active/include -fPIC -mmacosx-version-min=10.7 -pipe  -arch x86_64  -c conftest.c"
checked program was:
/* begin */
1: #include "ruby.h"
2: 
3: #include <sqlite3.h>
4: 
5: /*top*/
6: typedef sqlite3_uint64 conftest_type;
7: int conftestval[sizeof(conftest_type)?1:-1];
/* end */

--------------------

